{"C:\\Users\\HP\\Desktop\\Travel-app-p\\src\\client\\js\\calculateDayDifference.js": {"path":"C:\\Users\\HP\\Desktop\\Travel-app-p\\src\\client\\js\\calculateDayDifference.js","statementMap":{"0":{"start":{"line":5,"column":21},"end":{"line":5,"column":57}},"1":{"start":{"line":6,"column":21},"end":{"line":6,"column":57}},"2":{"start":{"line":8,"column":31},"end":{"line":8,"column":39}},"3":{"start":{"line":11,"column":4},"end":{"line":11,"column":70}}},"fnMap":{"0":{"name":"calculateDayDifference","decl":{"start":{"line":3,"column":16},"end":{"line":3,"column":38}},"loc":{"start":{"line":3,"column":53},"end":{"line":12,"column":1}},"line":3}},"branchMap":{},"s":{"0":4,"1":4,"2":4,"3":4},"f":{"0":4},"b":{},"_coverageSchema":"1a1c01bbd47fc00a2c39e90264f33305004495a9","hash":"13a262f736d7c50c0a050d99a073331a87fd4526"}
,"C:\\Users\\HP\\Desktop\\Travel-app-p\\src\\client\\js\\getCurrentDate.js": {"path":"C:\\Users\\HP\\Desktop\\Travel-app-p\\src\\client\\js\\getCurrentDate.js","statementMap":{"0":{"start":{"line":5,"column":22},"end":{"line":5,"column":32}},"1":{"start":{"line":6,"column":15},"end":{"line":6,"column":40}},"2":{"start":{"line":9,"column":16},"end":{"line":9,"column":42}},"3":{"start":{"line":10,"column":25},"end":{"line":10,"column":62}},"4":{"start":{"line":13,"column":14},"end":{"line":13,"column":35}},"5":{"start":{"line":14,"column":23},"end":{"line":14,"column":54}},"6":{"start":{"line":17,"column":4},"end":{"line":17,"column":55}}},"fnMap":{"0":{"name":"getCurrentDate","decl":{"start":{"line":3,"column":16},"end":{"line":3,"column":30}},"loc":{"start":{"line":3,"column":33},"end":{"line":18,"column":1}},"line":3}},"branchMap":{"0":{"loc":{"start":{"line":10,"column":25},"end":{"line":10,"column":62}},"type":"cond-expr","locations":[{"start":{"line":10,"column":38},"end":{"line":10,"column":49}},{"start":{"line":10,"column":52},"end":{"line":10,"column":62}}],"line":10},"1":{"loc":{"start":{"line":14,"column":23},"end":{"line":14,"column":54}},"type":"cond-expr","locations":[{"start":{"line":14,"column":34},"end":{"line":14,"column":43}},{"start":{"line":14,"column":46},"end":{"line":14,"column":54}}],"line":14}},"s":{"0":3,"1":3,"2":3,"3":3,"4":3,"5":3,"6":3},"f":{"0":3},"b":{"0":[3,0],"1":[3,0]},"_coverageSchema":"1a1c01bbd47fc00a2c39e90264f33305004495a9","hash":"738b238b9fc8265e3ea33b1746e94f87d810b06b"}
,"C:\\Users\\HP\\Desktop\\Travel-app-p\\src\\client\\js\\isMinDateValid.js": {"path":"C:\\Users\\HP\\Desktop\\Travel-app-p\\src\\client\\js\\isMinDateValid.js","statementMap":{"0":{"start":{"line":6,"column":4},"end":{"line":6,"column":41}}},"fnMap":{"0":{"name":"isMinDateValid","decl":{"start":{"line":5,"column":16},"end":{"line":5,"column":30}},"loc":{"start":{"line":5,"column":42},"end":{"line":7,"column":1}},"line":5}},"branchMap":{},"s":{"0":2},"f":{"0":2},"b":{},"_coverageSchema":"1a1c01bbd47fc00a2c39e90264f33305004495a9","hash":"263e3508d06b4a66b904a1e1df89d3df466bcc3c"}
,"C:\\Users\\HP\\Desktop\\Travel-app-p\\src\\server\\mockAPI.js": {"path":"C:\\Users\\HP\\Desktop\\Travel-app-p\\src\\server\\mockAPI.js","statementMap":{"0":{"start":{"line":3,"column":21},"end":{"line":7,"column":1}},"1":{"start":{"line":9,"column":0},"end":{"line":9,"column":30}}},"fnMap":{},"branchMap":{},"s":{"0":2,"1":2},"f":{},"b":{},"_coverageSchema":"1a1c01bbd47fc00a2c39e90264f33305004495a9","hash":"216c00137cf04d8e23e4d023bfaac99b517399f0"}
}
