TN:
SF:src\client\js\calculateDayDifference.js
FN:3,calculateDayDifference
FNF:1
FNH:1
FNDA:4,calculateDayDifference
DA:5,4
DA:6,4
DA:8,4
DA:11,4
LF:4
LH:4
BRF:0
BRH:0
end_of_record
TN:
SF:src\client\js\getCurrentDate.js
FN:3,getCurrentDate
FNF:1
FNH:1
FNDA:3,getCurrentDate
DA:5,3
DA:6,3
DA:9,3
DA:10,3
DA:13,3
DA:14,3
DA:17,3
LF:7
LH:7
BRDA:10,0,0,3
BRDA:10,0,1,0
BRDA:14,1,0,3
BRDA:14,1,1,0
BRF:4
BRH:2
end_of_record
TN:
SF:src\client\js\isMinDateValid.js
FN:5,isMinDateValid
FNF:1
FNH:1
FNDA:2,isMinDateValid
DA:6,2
LF:1
LH:1
BRF:0
BRH:0
end_of_record
TN:
SF:src\server\mockAPI.js
FNF:0
FNH:0
DA:3,2
DA:9,2
LF:2
LH:2
BRF:0
BRH:0
end_of_record
